app/build/intermediates/manifest_merge_blame_file/debug/manifest-merger-blame-debug-report.txt
1<?xml version="1.0" encoding="utf-8"?>
2<manifest xmlns:android="http://schemas.android.com/apk/res/android"
3    package="com.example.kfcrena"
4    android:versionCode="1"
5    android:versionName="1.0" >
6
7    <uses-sdk
8        android:minSdkVersion="24"
9        android:targetSdkVersion="34" />
10
11    <!-- Permissões de localização e internet -->
12    <uses-permission android:name="android.permission.ACCESS_FINE_LOCATION" />
12-->src/main/AndroidManifest.xml:6:5-79
12-->src/main/AndroidManifest.xml:6:22-76
13    <uses-permission android:name="android.permission.ACCESS_COARSE_LOCATION" />
13-->src/main/AndroidManifest.xml:7:5-81
13-->src/main/AndroidManifest.xml:7:22-78
14    <uses-permission android:name="android.permission.INTERNET" />
14-->src/main/AndroidManifest.xml:8:5-67
14-->src/main/AndroidManifest.xml:8:22-64
15    <uses-permission android:name="android.permission.ACCESS_WIFI_STATE" /> <!-- Include required permissions for Google Maps API to run. -->
15-->[com.google.android.libraries.places:places:3.3.0] AndroidManifest.xml:11:5-76
15-->[com.google.android.libraries.places:places:3.3.0] AndroidManifest.xml:11:22-73
16    <uses-permission android:name="android.permission.ACCESS_NETWORK_STATE" />
16-->[com.google.android.gms:play-services-maps:18.2.0] AndroidManifest.xml:23:5-79
16-->[com.google.android.gms:play-services-maps:18.2.0] AndroidManifest.xml:23:22-76
17
18    <uses-feature
18-->[com.google.android.gms:play-services-maps:18.2.0] AndroidManifest.xml:26:5-28:35
19        android:glEsVersion="0x00020000"
19-->[com.google.android.gms:play-services-maps:18.2.0] AndroidManifest.xml:27:9-41
20        android:required="true" />
20-->[com.google.android.gms:play-services-maps:18.2.0] AndroidManifest.xml:28:9-32
21
22    <queries>
22-->[com.google.android.gms:play-services-maps:18.2.0] AndroidManifest.xml:30:5-34:15
23
24        <!-- Needs to be explicitly declared on Android R+ -->
25        <package android:name="com.google.android.apps.maps" />
25-->[com.google.android.gms:play-services-maps:18.2.0] AndroidManifest.xml:33:9-64
25-->[com.google.android.gms:play-services-maps:18.2.0] AndroidManifest.xml:33:18-61
26    </queries>
27
28    <permission
28-->[androidx.core:core:1.9.0] AndroidManifest.xml:22:5-24:47
29        android:name="com.example.kfcrena.DYNAMIC_RECEIVER_NOT_EXPORTED_PERMISSION"
29-->[androidx.core:core:1.9.0] AndroidManifest.xml:23:9-81
30        android:protectionLevel="signature" />
30-->[androidx.core:core:1.9.0] AndroidManifest.xml:24:9-44
31
32    <uses-permission android:name="com.example.kfcrena.DYNAMIC_RECEIVER_NOT_EXPORTED_PERMISSION" />
32-->[androidx.core:core:1.9.0] AndroidManifest.xml:26:5-97
32-->[androidx.core:core:1.9.0] AndroidManifest.xml:26:22-94
33
34    <application
34-->src/main/AndroidManifest.xml:10:5-39:19
35        android:allowBackup="true"
35-->src/main/AndroidManifest.xml:11:9-35
36        android:appComponentFactory="androidx.core.app.CoreComponentFactory"
36-->[androidx.core:core:1.9.0] AndroidManifest.xml:28:18-86
37        android:debuggable="true"
38        android:extractNativeLibs="false"
39        android:label="@string/app_name"
39-->src/main/AndroidManifest.xml:12:9-41
40        android:supportsRtl="true"
40-->src/main/AndroidManifest.xml:13:9-35
41        android:theme="@style/Theme.KFCRena" >
41-->src/main/AndroidManifest.xml:14:9-45
42        <activity
42-->src/main/AndroidManifest.xml:16:9-23:20
43            android:name="com.example.kfcrena.MainActivity"
43-->src/main/AndroidManifest.xml:17:13-41
44            android:exported="true" >
44-->src/main/AndroidManifest.xml:18:13-36
45            <intent-filter>
45-->src/main/AndroidManifest.xml:19:13-22:29
46                <action android:name="android.intent.action.MAIN" />
46-->src/main/AndroidManifest.xml:20:17-69
46-->src/main/AndroidManifest.xml:20:25-66
47
48                <category android:name="android.intent.category.LAUNCHER" />
48-->src/main/AndroidManifest.xml:21:17-77
48-->src/main/AndroidManifest.xml:21:27-74
49            </intent-filter>
50        </activity>
51        <activity
51-->src/main/AndroidManifest.xml:25:9-27:39
52            android:name="com.example.kfcrena.CadastroActivity"
52-->src/main/AndroidManifest.xml:26:13-45
53            android:exported="true" />
53-->src/main/AndroidManifest.xml:27:13-36
54        <activity
54-->src/main/AndroidManifest.xml:29:9-32:52
55            android:name="com.example.kfcrena.DetailActivity"
55-->src/main/AndroidManifest.xml:30:13-43
56            android:exported="false"
56-->src/main/AndroidManifest.xml:31:13-37
57            android:theme="@style/Theme.KFCRena" />
57-->src/main/AndroidManifest.xml:32:13-49
58
59        <!-- Meta-data da API Key do Google Maps / Places -->
60        <meta-data
60-->src/main/AndroidManifest.xml:35:9-37:56
61            android:name="com.google.android.geo.API_KEY"
61-->src/main/AndroidManifest.xml:36:13-58
62            android:value="COLOQUE_SUA_API_KEY_AQUI" />
62-->src/main/AndroidManifest.xml:37:13-53
63
64        <activity
64-->[com.google.android.libraries.places:places:3.3.0] AndroidManifest.xml:15:9-21:20
65            android:name="com.google.android.libraries.places.widget.AutocompleteActivity"
65-->[com.google.android.libraries.places:places:3.3.0] AndroidManifest.xml:16:13-91
66            android:exported="false"
66-->[com.google.android.libraries.places:places:3.3.0] AndroidManifest.xml:17:13-37
67            android:label="@string/places_autocomplete_label"
67-->[com.google.android.libraries.places:places:3.3.0] AndroidManifest.xml:18:13-62
68            android:theme="@style/PlacesAutocompleteOverlay"
68-->[com.google.android.libraries.places:places:3.3.0] AndroidManifest.xml:19:13-61
69            android:windowSoftInputMode="adjustResize" >
69-->[com.google.android.libraries.places:places:3.3.0] AndroidManifest.xml:20:13-55
70        </activity> <!-- Needs to be explicitly declared on P+ -->
71        <uses-library
71-->[com.google.android.gms:play-services-maps:18.2.0] AndroidManifest.xml:39:9-41:40
72            android:name="org.apache.http.legacy"
72-->[com.google.android.gms:play-services-maps:18.2.0] AndroidManifest.xml:40:13-50
73            android:required="false" />
73-->[com.google.android.gms:play-services-maps:18.2.0] AndroidManifest.xml:41:13-37
74
75        <activity
75-->[com.google.android.gms:play-services-base:18.1.0] AndroidManifest.xml:20:9-22:45
76            android:name="com.google.android.gms.common.api.GoogleApiActivity"
76-->[com.google.android.gms:play-services-base:18.1.0] AndroidManifest.xml:20:19-85
77            android:exported="false"
77-->[com.google.android.gms:play-services-base:18.1.0] AndroidManifest.xml:22:19-43
78            android:theme="@android:style/Theme.Translucent.NoTitleBar" />
78-->[com.google.android.gms:play-services-base:18.1.0] AndroidManifest.xml:21:19-78
79
80        <meta-data
80-->[com.google.android.gms:play-services-basement:18.1.0] AndroidManifest.xml:21:9-23:69
81            android:name="com.google.android.gms.version"
81-->[com.google.android.gms:play-services-basement:18.1.0] AndroidManifest.xml:22:13-58
82            android:value="@integer/google_play_services_version" />
82-->[com.google.android.gms:play-services-basement:18.1.0] AndroidManifest.xml:23:13-66
83
84        <provider
84-->[androidx.emoji2:emoji2:1.2.0] AndroidManifest.xml:24:9-32:20
85            android:name="androidx.startup.InitializationProvider"
85-->[androidx.emoji2:emoji2:1.2.0] AndroidManifest.xml:25:13-67
86            android:authorities="com.example.kfcrena.androidx-startup"
86-->[androidx.emoji2:emoji2:1.2.0] AndroidManifest.xml:26:13-68
87            android:exported="false" >
87-->[androidx.emoji2:emoji2:1.2.0] AndroidManifest.xml:27:13-37
88            <meta-data
88-->[androidx.emoji2:emoji2:1.2.0] AndroidManifest.xml:29:13-31:52
89                android:name="androidx.emoji2.text.EmojiCompatInitializer"
89-->[androidx.emoji2:emoji2:1.2.0] AndroidManifest.xml:30:17-75
90                android:value="androidx.startup" />
90-->[androidx.emoji2:emoji2:1.2.0] AndroidManifest.xml:31:17-49
91            <meta-data
91-->[androidx.lifecycle:lifecycle-process:2.6.1] AndroidManifest.xml:29:13-31:52
92                android:name="androidx.lifecycle.ProcessLifecycleInitializer"
92-->[androidx.lifecycle:lifecycle-process:2.6.1] AndroidManifest.xml:30:17-78
93                android:value="androidx.startup" />
93-->[androidx.lifecycle:lifecycle-process:2.6.1] AndroidManifest.xml:31:17-49
94            <meta-data
94-->[androidx.profileinstaller:profileinstaller:1.3.0] AndroidManifest.xml:29:13-31:52
95                android:name="androidx.profileinstaller.ProfileInstallerInitializer"
95-->[androidx.profileinstaller:profileinstaller:1.3.0] AndroidManifest.xml:30:17-85
96                android:value="androidx.startup" />
96-->[androidx.profileinstaller:profileinstaller:1.3.0] AndroidManifest.xml:31:17-49
97        </provider>
98
99        <service
99-->[com.google.android.datatransport:transport-backend-cct:2.3.0] AndroidManifest.xml:29:9-35:19
100            android:name="com.google.android.datatransport.runtime.backends.TransportBackendDiscovery"
100-->[com.google.android.datatransport:transport-backend-cct:2.3.0] AndroidManifest.xml:30:13-103
101            android:exported="false" >
101-->[com.google.android.datatransport:transport-backend-cct:2.3.0] AndroidManifest.xml:31:13-37
102            <meta-data
102-->[com.google.android.datatransport:transport-backend-cct:2.3.0] AndroidManifest.xml:32:13-34:39
103                android:name="backend:com.google.android.datatransport.cct.CctBackendFactory"
103-->[com.google.android.datatransport:transport-backend-cct:2.3.0] AndroidManifest.xml:33:17-94
104                android:value="cct" />
104-->[com.google.android.datatransport:transport-backend-cct:2.3.0] AndroidManifest.xml:34:17-36
105        </service>
106        <service
106-->[com.google.android.datatransport:transport-runtime:2.2.3] AndroidManifest.xml:26:9-30:19
107            android:name="com.google.android.datatransport.runtime.scheduling.jobscheduling.JobInfoSchedulerService"
107-->[com.google.android.datatransport:transport-runtime:2.2.3] AndroidManifest.xml:27:13-117
108            android:exported="false"
108-->[com.google.android.datatransport:transport-runtime:2.2.3] AndroidManifest.xml:28:13-37
109            android:permission="android.permission.BIND_JOB_SERVICE" >
109-->[com.google.android.datatransport:transport-runtime:2.2.3] AndroidManifest.xml:29:13-69
110        </service>
111
112        <receiver
112-->[com.google.android.datatransport:transport-runtime:2.2.3] AndroidManifest.xml:32:9-34:40
113            android:name="com.google.android.datatransport.runtime.scheduling.jobscheduling.AlarmManagerSchedulerBroadcastReceiver"
113-->[com.google.android.datatransport:transport-runtime:2.2.3] AndroidManifest.xml:33:13-132
114            android:exported="false" />
114-->[com.google.android.datatransport:transport-runtime:2.2.3] AndroidManifest.xml:34:13-37
115        <receiver
115-->[androidx.profileinstaller:profileinstaller:1.3.0] AndroidManifest.xml:34:9-52:20
116            android:name="androidx.profileinstaller.ProfileInstallReceiver"
116-->[androidx.profileinstaller:profileinstaller:1.3.0] AndroidManifest.xml:35:13-76
117            android:directBootAware="false"
117-->[androidx.profileinstaller:profileinstaller:1.3.0] AndroidManifest.xml:36:13-44
118            android:enabled="true"
118-->[androidx.profileinstaller:profileinstaller:1.3.0] AndroidManifest.xml:37:13-35
119            android:exported="true"
119-->[androidx.profileinstaller:profileinstaller:1.3.0] AndroidManifest.xml:38:13-36
120            android:permission="android.permission.DUMP" >
120-->[androidx.profileinstaller:profileinstaller:1.3.0] AndroidManifest.xml:39:13-57
121            <intent-filter>
121-->[androidx.profileinstaller:profileinstaller:1.3.0] AndroidManifest.xml:40:13-42:29
122                <action android:name="androidx.profileinstaller.action.INSTALL_PROFILE" />
122-->[androidx.profileinstaller:profileinstaller:1.3.0] AndroidManifest.xml:41:17-91
122-->[androidx.profileinstaller:profileinstaller:1.3.0] AndroidManifest.xml:41:25-88
123            </intent-filter>
124            <intent-filter>
124-->[androidx.profileinstaller:profileinstaller:1.3.0] AndroidManifest.xml:43:13-45:29
125                <action android:name="androidx.profileinstaller.action.SKIP_FILE" />
125-->[androidx.profileinstaller:profileinstaller:1.3.0] AndroidManifest.xml:44:17-85
125-->[androidx.profileinstaller:profileinstaller:1.3.0] AndroidManifest.xml:44:25-82
126            </intent-filter>
127            <intent-filter>
127-->[androidx.profileinstaller:profileinstaller:1.3.0] AndroidManifest.xml:46:13-48:29
128                <action android:name="androidx.profileinstaller.action.SAVE_PROFILE" />
128-->[androidx.profileinstaller:profileinstaller:1.3.0] AndroidManifest.xml:47:17-88
128-->[androidx.profileinstaller:profileinstaller:1.3.0] AndroidManifest.xml:47:25-85
129            </intent-filter>
130            <intent-filter>
130-->[androidx.profileinstaller:profileinstaller:1.3.0] AndroidManifest.xml:49:13-51:29
131                <action android:name="androidx.profileinstaller.action.BENCHMARK_OPERATION" />
131-->[androidx.profileinstaller:profileinstaller:1.3.0] AndroidManifest.xml:50:17-95
131-->[androidx.profileinstaller:profileinstaller:1.3.0] AndroidManifest.xml:50:25-92
132            </intent-filter>
133        </receiver>
134    </application>
135
136</manifest>